<?xml version="1.0" encoding="UTF-8" ?>
<testsuites>
<testsuite name="License Report REPORTP1" errors="0" tests="1" failures="0" time="29.59" timestamp="2015-04-30T09:13:36">
  <testcase classname="License Report REPORTP1" name="License Report Test" time="29.585"></testcase>
</testsuite>
</testsuites>