<?xml version="1.0" encoding="UTF-8" ?>
<testsuites>
<testsuite name="Agent Assignment Sanity SYSP1" errors="0" tests="0" failures="0" time="0" timestamp="2015-04-30T09:17:02">
</testsuite>
<testsuite name="Agent Assignment Sanity SYSP1.Agent Assignment Sanity" errors="0" tests="0" failures="0" time="0" timestamp="2015-04-30T09:17:02">
</testsuite>
</testsuites>