<?xml version="1.0" encoding="UTF-8" ?>
<testsuites>
<testsuite name="Deployment &amp; Deployment Plan Summary Report e2e test REPORTP1" errors="0" tests="0" failures="0" time="0" timestamp="2015-04-30T09:13:14">
</testsuite>
<testsuite name="Deployment &amp; Deployment Plan Summary Report e2e test REPORTP1.Test cases for deployment summary" errors="0" tests="0" failures="0" time="0" timestamp="2015-04-30T09:13:14">
</testsuite>
<testsuite name="Deployment &amp; Deployment Plan Summary Report e2e test REPORTP1.Additional test cases for deployment plan summary" errors="0" tests="0" failures="0" time="0" timestamp="2015-04-30T09:13:14">
</testsuite>
</testsuites>